CRITICAL - 2024-04-26 16:10:17 --> Undefined variable $jmlPesananTiket
#0 D:\APLIKASI PROJECT\TIKET-KAPAL\app\Views\v_beranda.php(43): CodeIgniter\Debug\Exceptions->errorHandler(2, 'Undefined varia...', 'D:\\APLIKASI PRO...', 43)
#1 D:\APLIKASI PROJECT\TIKET-KAPAL\system\View\View.php(210): include('D:\\APLIKASI PRO...')
#2 D:\APLIKASI PROJECT\TIKET-KAPAL\system\View\View.php(213): CodeIgniter\View\View->CodeIgniter\View\{closure}()
#3 D:\APLIKASI PROJECT\TIKET-KAPAL\system\Common.php(1089): CodeIgniter\View\View->render('v_beranda', Array, true)
#4 D:\APLIKASI PROJECT\TIKET-KAPAL\app\Controllers\Home.php(46): view('v_beranda', Array)
#5 D:\APLIKASI PROJECT\TIKET-KAPAL\system\CodeIgniter.php(832): App\Controllers\Home->index()
#6 D:\APLIKASI PROJECT\TIKET-KAPAL\system\CodeIgniter.php(419): CodeIgniter\CodeIgniter->runController(Object(App\Controllers\Home))
#7 D:\APLIKASI PROJECT\TIKET-KAPAL\system\CodeIgniter.php(326): CodeIgniter\CodeIgniter->handleRequest(NULL, Object(Config\Cache), false)
#8 D:\APLIKASI PROJECT\TIKET-KAPAL\public\index.php(37): CodeIgniter\CodeIgniter->run()
#9 D:\APLIKASI PROJECT\TIKET-KAPAL\system\Commands\Server\rewrite.php(43): require_once('D:\\APLIKASI PRO...')
#10 {main}
CRITICAL - 2024-04-26 16:11:50 --> Undefined variable $jmlPesananTiket
#0 D:\APLIKASI PROJECT\TIKET-KAPAL\app\Views\v_beranda.php(43): CodeIgniter\Debug\Exceptions->errorHandler(2, 'Undefined varia...', 'D:\\APLIKASI PRO...', 43)
#1 D:\APLIKASI PROJECT\TIKET-KAPAL\system\View\View.php(210): include('D:\\APLIKASI PRO...')
#2 D:\APLIKASI PROJECT\TIKET-KAPAL\system\View\View.php(213): CodeIgniter\View\View->CodeIgniter\View\{closure}()
#3 D:\APLIKASI PROJECT\TIKET-KAPAL\system\Common.php(1089): CodeIgniter\View\View->render('v_beranda', Array, true)
#4 D:\APLIKASI PROJECT\TIKET-KAPAL\app\Controllers\Home.php(46): view('v_beranda', Array)
#5 D:\APLIKASI PROJECT\TIKET-KAPAL\system\CodeIgniter.php(832): App\Controllers\Home->index()
#6 D:\APLIKASI PROJECT\TIKET-KAPAL\system\CodeIgniter.php(419): CodeIgniter\CodeIgniter->runController(Object(App\Controllers\Home))
#7 D:\APLIKASI PROJECT\TIKET-KAPAL\system\CodeIgniter.php(326): CodeIgniter\CodeIgniter->handleRequest(NULL, Object(Config\Cache), false)
#8 D:\APLIKASI PROJECT\TIKET-KAPAL\public\index.php(37): CodeIgniter\CodeIgniter->run()
#9 D:\APLIKASI PROJECT\TIKET-KAPAL\system\Commands\Server\rewrite.php(43): require_once('D:\\APLIKASI PRO...')
#10 {main}
CRITICAL - 2024-04-26 16:14:40 --> Call to undefined method App\Models\M_pesantiket::hitungJumlahPesanan
#0 D:\APLIKASI PROJECT\TIKET-KAPAL\app\Controllers\Home.php(27): CodeIgniter\Model->__call('hitungJumlahPes...', Array)
#1 D:\APLIKASI PROJECT\TIKET-KAPAL\system\CodeIgniter.php(832): App\Controllers\Home->index()
#2 D:\APLIKASI PROJECT\TIKET-KAPAL\system\CodeIgniter.php(419): CodeIgniter\CodeIgniter->runController(Object(App\Controllers\Home))
#3 D:\APLIKASI PROJECT\TIKET-KAPAL\system\CodeIgniter.php(326): CodeIgniter\CodeIgniter->handleRequest(NULL, Object(Config\Cache), false)
#4 D:\APLIKASI PROJECT\TIKET-KAPAL\public\index.php(37): CodeIgniter\CodeIgniter->run()
#5 D:\APLIKASI PROJECT\TIKET-KAPAL\system\Commands\Server\rewrite.php(43): require_once('D:\\APLIKASI PRO...')
#6 {main}
CRITICAL - 2024-04-26 16:14:41 --> Call to undefined method App\Models\M_pesantiket::hitungJumlahPesanan
#0 D:\APLIKASI PROJECT\TIKET-KAPAL\app\Controllers\Home.php(27): CodeIgniter\Model->__call('hitungJumlahPes...', Array)
#1 D:\APLIKASI PROJECT\TIKET-KAPAL\system\CodeIgniter.php(832): App\Controllers\Home->index()
#2 D:\APLIKASI PROJECT\TIKET-KAPAL\system\CodeIgniter.php(419): CodeIgniter\CodeIgniter->runController(Object(App\Controllers\Home))
#3 D:\APLIKASI PROJECT\TIKET-KAPAL\system\CodeIgniter.php(326): CodeIgniter\CodeIgniter->handleRequest(NULL, Object(Config\Cache), false)
#4 D:\APLIKASI PROJECT\TIKET-KAPAL\public\index.php(37): CodeIgniter\CodeIgniter->run()
#5 D:\APLIKASI PROJECT\TIKET-KAPAL\system\Commands\Server\rewrite.php(43): require_once('D:\\APLIKASI PRO...')
#6 {main}
CRITICAL - 2024-04-26 16:16:27 --> syntax error, unexpected token "public", expecting ";" or "{"
#0 D:\APLIKASI PROJECT\TIKET-KAPAL\system\Router\Router.php(175): CodeIgniter\Router\Router->autoRoute('home')
#1 D:\APLIKASI PROJECT\TIKET-KAPAL\system\CodeIgniter.php(726): CodeIgniter\Router\Router->handle('home')
#2 D:\APLIKASI PROJECT\TIKET-KAPAL\system\CodeIgniter.php(368): CodeIgniter\CodeIgniter->tryToRouteIt(Object(CodeIgniter\Router\RouteCollection))
#3 D:\APLIKASI PROJECT\TIKET-KAPAL\system\CodeIgniter.php(326): CodeIgniter\CodeIgniter->handleRequest(NULL, Object(Config\Cache), false)
#4 D:\APLIKASI PROJECT\TIKET-KAPAL\public\index.php(37): CodeIgniter\CodeIgniter->run()
#5 D:\APLIKASI PROJECT\TIKET-KAPAL\system\Commands\Server\rewrite.php(43): require_once('D:\\APLIKASI PRO...')
#6 {main}
CRITICAL - 2024-04-26 16:16:28 --> syntax error, unexpected token "public", expecting ";" or "{"
#0 D:\APLIKASI PROJECT\TIKET-KAPAL\system\Router\Router.php(175): CodeIgniter\Router\Router->autoRoute('home')
#1 D:\APLIKASI PROJECT\TIKET-KAPAL\system\CodeIgniter.php(726): CodeIgniter\Router\Router->handle('home')
#2 D:\APLIKASI PROJECT\TIKET-KAPAL\system\CodeIgniter.php(368): CodeIgniter\CodeIgniter->tryToRouteIt(Object(CodeIgniter\Router\RouteCollection))
#3 D:\APLIKASI PROJECT\TIKET-KAPAL\system\CodeIgniter.php(326): CodeIgniter\CodeIgniter->handleRequest(NULL, Object(Config\Cache), false)
#4 D:\APLIKASI PROJECT\TIKET-KAPAL\public\index.php(37): CodeIgniter\CodeIgniter->run()
#5 D:\APLIKASI PROJECT\TIKET-KAPAL\system\Commands\Server\rewrite.php(43): require_once('D:\\APLIKASI PRO...')
#6 {main}
CRITICAL - 2024-04-26 16:18:01 --> syntax error, unexpected token "{", expecting "function" or "const"
#0 D:\APLIKASI PROJECT\TIKET-KAPAL\system\Router\Router.php(175): CodeIgniter\Router\Router->autoRoute('home')
#1 D:\APLIKASI PROJECT\TIKET-KAPAL\system\CodeIgniter.php(726): CodeIgniter\Router\Router->handle('home')
#2 D:\APLIKASI PROJECT\TIKET-KAPAL\system\CodeIgniter.php(368): CodeIgniter\CodeIgniter->tryToRouteIt(Object(CodeIgniter\Router\RouteCollection))
#3 D:\APLIKASI PROJECT\TIKET-KAPAL\system\CodeIgniter.php(326): CodeIgniter\CodeIgniter->handleRequest(NULL, Object(Config\Cache), false)
#4 D:\APLIKASI PROJECT\TIKET-KAPAL\public\index.php(37): CodeIgniter\CodeIgniter->run()
#5 D:\APLIKASI PROJECT\TIKET-KAPAL\system\Commands\Server\rewrite.php(43): require_once('D:\\APLIKASI PRO...')
#6 {main}
CRITICAL - 2024-04-26 16:18:23 --> syntax error, unexpected token "{", expecting "function" or "const"
#0 D:\APLIKASI PROJECT\TIKET-KAPAL\system\Router\Router.php(175): CodeIgniter\Router\Router->autoRoute('home')
#1 D:\APLIKASI PROJECT\TIKET-KAPAL\system\CodeIgniter.php(726): CodeIgniter\Router\Router->handle('home')
#2 D:\APLIKASI PROJECT\TIKET-KAPAL\system\CodeIgniter.php(368): CodeIgniter\CodeIgniter->tryToRouteIt(Object(CodeIgniter\Router\RouteCollection))
#3 D:\APLIKASI PROJECT\TIKET-KAPAL\system\CodeIgniter.php(326): CodeIgniter\CodeIgniter->handleRequest(NULL, Object(Config\Cache), false)
#4 D:\APLIKASI PROJECT\TIKET-KAPAL\public\index.php(37): CodeIgniter\CodeIgniter->run()
#5 D:\APLIKASI PROJECT\TIKET-KAPAL\system\Commands\Server\rewrite.php(43): require_once('D:\\APLIKASI PRO...')
#6 {main}
CRITICAL - 2024-04-26 16:18:24 --> syntax error, unexpected token "{", expecting "function" or "const"
#0 D:\APLIKASI PROJECT\TIKET-KAPAL\system\Router\Router.php(175): CodeIgniter\Router\Router->autoRoute('home')
#1 D:\APLIKASI PROJECT\TIKET-KAPAL\system\CodeIgniter.php(726): CodeIgniter\Router\Router->handle('home')
#2 D:\APLIKASI PROJECT\TIKET-KAPAL\system\CodeIgniter.php(368): CodeIgniter\CodeIgniter->tryToRouteIt(Object(CodeIgniter\Router\RouteCollection))
#3 D:\APLIKASI PROJECT\TIKET-KAPAL\system\CodeIgniter.php(326): CodeIgniter\CodeIgniter->handleRequest(NULL, Object(Config\Cache), false)
#4 D:\APLIKASI PROJECT\TIKET-KAPAL\public\index.php(37): CodeIgniter\CodeIgniter->run()
#5 D:\APLIKASI PROJECT\TIKET-KAPAL\system\Commands\Server\rewrite.php(43): require_once('D:\\APLIKASI PRO...')
#6 {main}
CRITICAL - 2024-04-26 16:18:25 --> syntax error, unexpected token "{", expecting "function" or "const"
#0 D:\APLIKASI PROJECT\TIKET-KAPAL\system\Router\Router.php(175): CodeIgniter\Router\Router->autoRoute('home')
#1 D:\APLIKASI PROJECT\TIKET-KAPAL\system\CodeIgniter.php(726): CodeIgniter\Router\Router->handle('home')
#2 D:\APLIKASI PROJECT\TIKET-KAPAL\system\CodeIgniter.php(368): CodeIgniter\CodeIgniter->tryToRouteIt(Object(CodeIgniter\Router\RouteCollection))
#3 D:\APLIKASI PROJECT\TIKET-KAPAL\system\CodeIgniter.php(326): CodeIgniter\CodeIgniter->handleRequest(NULL, Object(Config\Cache), false)
#4 D:\APLIKASI PROJECT\TIKET-KAPAL\public\index.php(37): CodeIgniter\CodeIgniter->run()
#5 D:\APLIKASI PROJECT\TIKET-KAPAL\system\Commands\Server\rewrite.php(43): require_once('D:\\APLIKASI PRO...')
#6 {main}
CRITICAL - 2024-04-26 16:19:53 --> syntax error, unexpected token "{", expecting "function" or "const"
#0 D:\APLIKASI PROJECT\TIKET-KAPAL\system\Router\Router.php(175): CodeIgniter\Router\Router->autoRoute('home')
#1 D:\APLIKASI PROJECT\TIKET-KAPAL\system\CodeIgniter.php(726): CodeIgniter\Router\Router->handle('home')
#2 D:\APLIKASI PROJECT\TIKET-KAPAL\system\CodeIgniter.php(368): CodeIgniter\CodeIgniter->tryToRouteIt(Object(CodeIgniter\Router\RouteCollection))
#3 D:\APLIKASI PROJECT\TIKET-KAPAL\system\CodeIgniter.php(326): CodeIgniter\CodeIgniter->handleRequest(NULL, Object(Config\Cache), false)
#4 D:\APLIKASI PROJECT\TIKET-KAPAL\public\index.php(37): CodeIgniter\CodeIgniter->run()
#5 D:\APLIKASI PROJECT\TIKET-KAPAL\system\Commands\Server\rewrite.php(43): require_once('D:\\APLIKASI PRO...')
#6 {main}
CRITICAL - 2024-04-26 16:19:54 --> syntax error, unexpected token "{", expecting "function" or "const"
#0 D:\APLIKASI PROJECT\TIKET-KAPAL\system\Router\Router.php(175): CodeIgniter\Router\Router->autoRoute('home')
#1 D:\APLIKASI PROJECT\TIKET-KAPAL\system\CodeIgniter.php(726): CodeIgniter\Router\Router->handle('home')
#2 D:\APLIKASI PROJECT\TIKET-KAPAL\system\CodeIgniter.php(368): CodeIgniter\CodeIgniter->tryToRouteIt(Object(CodeIgniter\Router\RouteCollection))
#3 D:\APLIKASI PROJECT\TIKET-KAPAL\system\CodeIgniter.php(326): CodeIgniter\CodeIgniter->handleRequest(NULL, Object(Config\Cache), false)
#4 D:\APLIKASI PROJECT\TIKET-KAPAL\public\index.php(37): CodeIgniter\CodeIgniter->run()
#5 D:\APLIKASI PROJECT\TIKET-KAPAL\system\Commands\Server\rewrite.php(43): require_once('D:\\APLIKASI PRO...')
#6 {main}
CRITICAL - 2024-04-26 16:19:54 --> syntax error, unexpected token "{", expecting "function" or "const"
#0 D:\APLIKASI PROJECT\TIKET-KAPAL\system\Router\Router.php(175): CodeIgniter\Router\Router->autoRoute('home')
#1 D:\APLIKASI PROJECT\TIKET-KAPAL\system\CodeIgniter.php(726): CodeIgniter\Router\Router->handle('home')
#2 D:\APLIKASI PROJECT\TIKET-KAPAL\system\CodeIgniter.php(368): CodeIgniter\CodeIgniter->tryToRouteIt(Object(CodeIgniter\Router\RouteCollection))
#3 D:\APLIKASI PROJECT\TIKET-KAPAL\system\CodeIgniter.php(326): CodeIgniter\CodeIgniter->handleRequest(NULL, Object(Config\Cache), false)
#4 D:\APLIKASI PROJECT\TIKET-KAPAL\public\index.php(37): CodeIgniter\CodeIgniter->run()
#5 D:\APLIKASI PROJECT\TIKET-KAPAL\system\Commands\Server\rewrite.php(43): require_once('D:\\APLIKASI PRO...')
#6 {main}
CRITICAL - 2024-04-26 16:19:59 --> syntax error, unexpected token "{", expecting "function" or "const"
#0 D:\APLIKASI PROJECT\TIKET-KAPAL\system\Router\Router.php(175): CodeIgniter\Router\Router->autoRoute('home')
#1 D:\APLIKASI PROJECT\TIKET-KAPAL\system\CodeIgniter.php(726): CodeIgniter\Router\Router->handle('home')
#2 D:\APLIKASI PROJECT\TIKET-KAPAL\system\CodeIgniter.php(368): CodeIgniter\CodeIgniter->tryToRouteIt(Object(CodeIgniter\Router\RouteCollection))
#3 D:\APLIKASI PROJECT\TIKET-KAPAL\system\CodeIgniter.php(326): CodeIgniter\CodeIgniter->handleRequest(NULL, Object(Config\Cache), false)
#4 D:\APLIKASI PROJECT\TIKET-KAPAL\public\index.php(37): CodeIgniter\CodeIgniter->run()
#5 D:\APLIKASI PROJECT\TIKET-KAPAL\system\Commands\Server\rewrite.php(43): require_once('D:\\APLIKASI PRO...')
#6 {main}
CRITICAL - 2024-04-26 16:20:23 --> Undefined variable $jmltiket
#0 D:\APLIKASI PROJECT\TIKET-KAPAL\app\Views\v_beranda.php(43): CodeIgniter\Debug\Exceptions->errorHandler(2, 'Undefined varia...', 'D:\\APLIKASI PRO...', 43)
#1 D:\APLIKASI PROJECT\TIKET-KAPAL\system\View\View.php(210): include('D:\\APLIKASI PRO...')
#2 D:\APLIKASI PROJECT\TIKET-KAPAL\system\View\View.php(213): CodeIgniter\View\View->CodeIgniter\View\{closure}()
#3 D:\APLIKASI PROJECT\TIKET-KAPAL\system\Common.php(1089): CodeIgniter\View\View->render('v_beranda', Array, true)
#4 D:\APLIKASI PROJECT\TIKET-KAPAL\app\Controllers\Home.php(46): view('v_beranda', Array)
#5 D:\APLIKASI PROJECT\TIKET-KAPAL\system\CodeIgniter.php(832): App\Controllers\Home->index()
#6 D:\APLIKASI PROJECT\TIKET-KAPAL\system\CodeIgniter.php(419): CodeIgniter\CodeIgniter->runController(Object(App\Controllers\Home))
#7 D:\APLIKASI PROJECT\TIKET-KAPAL\system\CodeIgniter.php(326): CodeIgniter\CodeIgniter->handleRequest(NULL, Object(Config\Cache), false)
#8 D:\APLIKASI PROJECT\TIKET-KAPAL\public\index.php(37): CodeIgniter\CodeIgniter->run()
#9 D:\APLIKASI PROJECT\TIKET-KAPAL\system\Commands\Server\rewrite.php(43): require_once('D:\\APLIKASI PRO...')
#10 {main}
CRITICAL - 2024-04-26 16:29:51 --> Class "App\Controllers\M_rekening" not found
#0 D:\APLIKASI PROJECT\TIKET-KAPAL\system\CodeIgniter.php(809): App\Controllers\Home->__construct()
#1 D:\APLIKASI PROJECT\TIKET-KAPAL\system\CodeIgniter.php(410): CodeIgniter\CodeIgniter->createController()
#2 D:\APLIKASI PROJECT\TIKET-KAPAL\system\CodeIgniter.php(326): CodeIgniter\CodeIgniter->handleRequest(NULL, Object(Config\Cache), false)
#3 D:\APLIKASI PROJECT\TIKET-KAPAL\public\index.php(37): CodeIgniter\CodeIgniter->run()
#4 D:\APLIKASI PROJECT\TIKET-KAPAL\system\Commands\Server\rewrite.php(43): require_once('D:\\APLIKASI PRO...')
#5 {main}
CRITICAL - 2024-04-26 16:31:32 --> syntax error, unexpected token "}"
#0 D:\APLIKASI PROJECT\TIKET-KAPAL\system\Router\Router.php(175): CodeIgniter\Router\Router->autoRoute('home')
#1 D:\APLIKASI PROJECT\TIKET-KAPAL\system\CodeIgniter.php(726): CodeIgniter\Router\Router->handle('home')
#2 D:\APLIKASI PROJECT\TIKET-KAPAL\system\CodeIgniter.php(368): CodeIgniter\CodeIgniter->tryToRouteIt(Object(CodeIgniter\Router\RouteCollection))
#3 D:\APLIKASI PROJECT\TIKET-KAPAL\system\CodeIgniter.php(326): CodeIgniter\CodeIgniter->handleRequest(NULL, Object(Config\Cache), false)
#4 D:\APLIKASI PROJECT\TIKET-KAPAL\public\index.php(37): CodeIgniter\CodeIgniter->run()
#5 D:\APLIKASI PROJECT\TIKET-KAPAL\system\Commands\Server\rewrite.php(43): require_once('D:\\APLIKASI PRO...')
#6 {main}
CRITICAL - 2024-04-26 16:33:28 --> Class "App\Controllers\M_rekening" not found
#0 D:\APLIKASI PROJECT\TIKET-KAPAL\system\CodeIgniter.php(809): App\Controllers\Home->__construct()
#1 D:\APLIKASI PROJECT\TIKET-KAPAL\system\CodeIgniter.php(410): CodeIgniter\CodeIgniter->createController()
#2 D:\APLIKASI PROJECT\TIKET-KAPAL\system\CodeIgniter.php(326): CodeIgniter\CodeIgniter->handleRequest(NULL, Object(Config\Cache), false)
#3 D:\APLIKASI PROJECT\TIKET-KAPAL\public\index.php(37): CodeIgniter\CodeIgniter->run()
#4 D:\APLIKASI PROJECT\TIKET-KAPAL\system\Commands\Server\rewrite.php(43): require_once('D:\\APLIKASI PRO...')
#5 {main}
CRITICAL - 2024-04-26 16:33:28 --> Class "App\Controllers\M_rekening" not found
#0 D:\APLIKASI PROJECT\TIKET-KAPAL\system\CodeIgniter.php(809): App\Controllers\Home->__construct()
#1 D:\APLIKASI PROJECT\TIKET-KAPAL\system\CodeIgniter.php(410): CodeIgniter\CodeIgniter->createController()
#2 D:\APLIKASI PROJECT\TIKET-KAPAL\system\CodeIgniter.php(326): CodeIgniter\CodeIgniter->handleRequest(NULL, Object(Config\Cache), false)
#3 D:\APLIKASI PROJECT\TIKET-KAPAL\public\index.php(37): CodeIgniter\CodeIgniter->run()
#4 D:\APLIKASI PROJECT\TIKET-KAPAL\system\Commands\Server\rewrite.php(43): require_once('D:\\APLIKASI PRO...')
#5 {main}
CRITICAL - 2024-04-26 16:37:53 --> Call to undefined method App\Models\M_laporan::ambilData
#0 D:\APLIKASI PROJECT\TIKET-KAPAL\app\Controllers\Home.php(32): CodeIgniter\Model->__call('ambilData', Array)
#1 D:\APLIKASI PROJECT\TIKET-KAPAL\system\CodeIgniter.php(832): App\Controllers\Home->index()
#2 D:\APLIKASI PROJECT\TIKET-KAPAL\system\CodeIgniter.php(419): CodeIgniter\CodeIgniter->runController(Object(App\Controllers\Home))
#3 D:\APLIKASI PROJECT\TIKET-KAPAL\system\CodeIgniter.php(326): CodeIgniter\CodeIgniter->handleRequest(NULL, Object(Config\Cache), false)
#4 D:\APLIKASI PROJECT\TIKET-KAPAL\public\index.php(37): CodeIgniter\CodeIgniter->run()
#5 D:\APLIKASI PROJECT\TIKET-KAPAL\system\Commands\Server\rewrite.php(43): require_once('D:\\APLIKASI PRO...')
#6 {main}
CRITICAL - 2024-04-26 16:39:57 --> Call to undefined method App\Models\M_laporan::ambilData
#0 D:\APLIKASI PROJECT\TIKET-KAPAL\app\Controllers\Home.php(32): CodeIgniter\Model->__call('ambilData', Array)
#1 D:\APLIKASI PROJECT\TIKET-KAPAL\system\CodeIgniter.php(832): App\Controllers\Home->index()
#2 D:\APLIKASI PROJECT\TIKET-KAPAL\system\CodeIgniter.php(419): CodeIgniter\CodeIgniter->runController(Object(App\Controllers\Home))
#3 D:\APLIKASI PROJECT\TIKET-KAPAL\system\CodeIgniter.php(326): CodeIgniter\CodeIgniter->handleRequest(NULL, Object(Config\Cache), false)
#4 D:\APLIKASI PROJECT\TIKET-KAPAL\public\index.php(37): CodeIgniter\CodeIgniter->run()
#5 D:\APLIKASI PROJECT\TIKET-KAPAL\system\Commands\Server\rewrite.php(43): require_once('D:\\APLIKASI PRO...')
#6 {main}
CRITICAL - 2024-04-26 16:41:21 --> syntax error, unexpected variable "$data", expecting "function" or "const"
#0 D:\APLIKASI PROJECT\TIKET-KAPAL\system\Router\Router.php(175): CodeIgniter\Router\Router->autoRoute('home')
#1 D:\APLIKASI PROJECT\TIKET-KAPAL\system\CodeIgniter.php(726): CodeIgniter\Router\Router->handle('home')
#2 D:\APLIKASI PROJECT\TIKET-KAPAL\system\CodeIgniter.php(368): CodeIgniter\CodeIgniter->tryToRouteIt(Object(CodeIgniter\Router\RouteCollection))
#3 D:\APLIKASI PROJECT\TIKET-KAPAL\system\CodeIgniter.php(326): CodeIgniter\CodeIgniter->handleRequest(NULL, Object(Config\Cache), false)
#4 D:\APLIKASI PROJECT\TIKET-KAPAL\public\index.php(37): CodeIgniter\CodeIgniter->run()
#5 D:\APLIKASI PROJECT\TIKET-KAPAL\system\Commands\Server\rewrite.php(43): require_once('D:\\APLIKASI PRO...')
#6 {main}
CRITICAL - 2024-04-26 16:41:48 --> syntax error, unexpected variable "$data", expecting "function" or "const"
#0 D:\APLIKASI PROJECT\TIKET-KAPAL\system\Router\Router.php(175): CodeIgniter\Router\Router->autoRoute('home')
#1 D:\APLIKASI PROJECT\TIKET-KAPAL\system\CodeIgniter.php(726): CodeIgniter\Router\Router->handle('home')
#2 D:\APLIKASI PROJECT\TIKET-KAPAL\system\CodeIgniter.php(368): CodeIgniter\CodeIgniter->tryToRouteIt(Object(CodeIgniter\Router\RouteCollection))
#3 D:\APLIKASI PROJECT\TIKET-KAPAL\system\CodeIgniter.php(326): CodeIgniter\CodeIgniter->handleRequest(NULL, Object(Config\Cache), false)
#4 D:\APLIKASI PROJECT\TIKET-KAPAL\public\index.php(37): CodeIgniter\CodeIgniter->run()
#5 D:\APLIKASI PROJECT\TIKET-KAPAL\system\Commands\Server\rewrite.php(43): require_once('D:\\APLIKASI PRO...')
#6 {main}
CRITICAL - 2024-04-26 16:42:02 --> syntax error, unexpected variable "$data", expecting "function" or "const"
#0 D:\APLIKASI PROJECT\TIKET-KAPAL\system\Router\Router.php(175): CodeIgniter\Router\Router->autoRoute('home')
#1 D:\APLIKASI PROJECT\TIKET-KAPAL\system\CodeIgniter.php(726): CodeIgniter\Router\Router->handle('home')
#2 D:\APLIKASI PROJECT\TIKET-KAPAL\system\CodeIgniter.php(368): CodeIgniter\CodeIgniter->tryToRouteIt(Object(CodeIgniter\Router\RouteCollection))
#3 D:\APLIKASI PROJECT\TIKET-KAPAL\system\CodeIgniter.php(326): CodeIgniter\CodeIgniter->handleRequest(NULL, Object(Config\Cache), false)
#4 D:\APLIKASI PROJECT\TIKET-KAPAL\public\index.php(37): CodeIgniter\CodeIgniter->run()
#5 D:\APLIKASI PROJECT\TIKET-KAPAL\system\Commands\Server\rewrite.php(43): require_once('D:\\APLIKASI PRO...')
#6 {main}
CRITICAL - 2024-04-26 16:42:02 --> syntax error, unexpected variable "$data", expecting "function" or "const"
#0 D:\APLIKASI PROJECT\TIKET-KAPAL\system\Router\Router.php(175): CodeIgniter\Router\Router->autoRoute('home')
#1 D:\APLIKASI PROJECT\TIKET-KAPAL\system\CodeIgniter.php(726): CodeIgniter\Router\Router->handle('home')
#2 D:\APLIKASI PROJECT\TIKET-KAPAL\system\CodeIgniter.php(368): CodeIgniter\CodeIgniter->tryToRouteIt(Object(CodeIgniter\Router\RouteCollection))
#3 D:\APLIKASI PROJECT\TIKET-KAPAL\system\CodeIgniter.php(326): CodeIgniter\CodeIgniter->handleRequest(NULL, Object(Config\Cache), false)
#4 D:\APLIKASI PROJECT\TIKET-KAPAL\public\index.php(37): CodeIgniter\CodeIgniter->run()
#5 D:\APLIKASI PROJECT\TIKET-KAPAL\system\Commands\Server\rewrite.php(43): require_once('D:\\APLIKASI PRO...')
#6 {main}
CRITICAL - 2024-04-26 16:42:07 --> syntax error, unexpected variable "$data", expecting "function" or "const"
#0 D:\APLIKASI PROJECT\TIKET-KAPAL\system\Router\Router.php(175): CodeIgniter\Router\Router->autoRoute('home')
#1 D:\APLIKASI PROJECT\TIKET-KAPAL\system\CodeIgniter.php(726): CodeIgniter\Router\Router->handle('home')
#2 D:\APLIKASI PROJECT\TIKET-KAPAL\system\CodeIgniter.php(368): CodeIgniter\CodeIgniter->tryToRouteIt(Object(CodeIgniter\Router\RouteCollection))
#3 D:\APLIKASI PROJECT\TIKET-KAPAL\system\CodeIgniter.php(326): CodeIgniter\CodeIgniter->handleRequest(NULL, Object(Config\Cache), false)
#4 D:\APLIKASI PROJECT\TIKET-KAPAL\public\index.php(37): CodeIgniter\CodeIgniter->run()
#5 D:\APLIKASI PROJECT\TIKET-KAPAL\system\Commands\Server\rewrite.php(43): require_once('D:\\APLIKASI PRO...')
#6 {main}
CRITICAL - 2024-04-26 16:42:32 --> syntax error, unexpected variable "$data", expecting "function" or "const"
#0 D:\APLIKASI PROJECT\TIKET-KAPAL\system\Router\Router.php(175): CodeIgniter\Router\Router->autoRoute('home')
#1 D:\APLIKASI PROJECT\TIKET-KAPAL\system\CodeIgniter.php(726): CodeIgniter\Router\Router->handle('home')
#2 D:\APLIKASI PROJECT\TIKET-KAPAL\system\CodeIgniter.php(368): CodeIgniter\CodeIgniter->tryToRouteIt(Object(CodeIgniter\Router\RouteCollection))
#3 D:\APLIKASI PROJECT\TIKET-KAPAL\system\CodeIgniter.php(326): CodeIgniter\CodeIgniter->handleRequest(NULL, Object(Config\Cache), false)
#4 D:\APLIKASI PROJECT\TIKET-KAPAL\public\index.php(37): CodeIgniter\CodeIgniter->run()
#5 D:\APLIKASI PROJECT\TIKET-KAPAL\system\Commands\Server\rewrite.php(43): require_once('D:\\APLIKASI PRO...')
#6 {main}
CRITICAL - 2024-04-26 16:42:33 --> syntax error, unexpected variable "$data", expecting "function" or "const"
#0 D:\APLIKASI PROJECT\TIKET-KAPAL\system\Router\Router.php(175): CodeIgniter\Router\Router->autoRoute('home')
#1 D:\APLIKASI PROJECT\TIKET-KAPAL\system\CodeIgniter.php(726): CodeIgniter\Router\Router->handle('home')
#2 D:\APLIKASI PROJECT\TIKET-KAPAL\system\CodeIgniter.php(368): CodeIgniter\CodeIgniter->tryToRouteIt(Object(CodeIgniter\Router\RouteCollection))
#3 D:\APLIKASI PROJECT\TIKET-KAPAL\system\CodeIgniter.php(326): CodeIgniter\CodeIgniter->handleRequest(NULL, Object(Config\Cache), false)
#4 D:\APLIKASI PROJECT\TIKET-KAPAL\public\index.php(37): CodeIgniter\CodeIgniter->run()
#5 D:\APLIKASI PROJECT\TIKET-KAPAL\system\Commands\Server\rewrite.php(43): require_once('D:\\APLIKASI PRO...')
#6 {main}
CRITICAL - 2024-04-26 18:11:01 --> require_once(vendor/autoload.php): Failed to open stream: No such file or directory
#0 D:\APLIKASI PROJECT\TIKET-KAPAL\app\Views\pesantiket\v_cetaktiket.php(3): CodeIgniter\Debug\Exceptions->errorHandler(2, 'require_once(ve...', 'D:\\APLIKASI PRO...', 3)
#1 D:\APLIKASI PROJECT\TIKET-KAPAL\app\Views\pesantiket\v_cetaktiket.php(3): require_once()
#2 D:\APLIKASI PROJECT\TIKET-KAPAL\system\View\View.php(210): include('D:\\APLIKASI PRO...')
#3 D:\APLIKASI PROJECT\TIKET-KAPAL\system\View\View.php(213): CodeIgniter\View\View->CodeIgniter\View\{closure}()
#4 D:\APLIKASI PROJECT\TIKET-KAPAL\system\Common.php(1089): CodeIgniter\View\View->render('/Pesantiket/v_c...', Array, true)
#5 D:\APLIKASI PROJECT\TIKET-KAPAL\app\Controllers\Pesantiket.php(96): view('/Pesantiket/v_c...', Array)
#6 D:\APLIKASI PROJECT\TIKET-KAPAL\system\CodeIgniter.php(832): App\Controllers\Pesantiket->cetaktiket('7')
#7 D:\APLIKASI PROJECT\TIKET-KAPAL\system\CodeIgniter.php(419): CodeIgniter\CodeIgniter->runController(Object(App\Controllers\Pesantiket))
#8 D:\APLIKASI PROJECT\TIKET-KAPAL\system\CodeIgniter.php(326): CodeIgniter\CodeIgniter->handleRequest(NULL, Object(Config\Cache), false)
#9 D:\APLIKASI PROJECT\TIKET-KAPAL\public\index.php(37): CodeIgniter\CodeIgniter->run()
#10 D:\APLIKASI PROJECT\TIKET-KAPAL\system\Commands\Server\rewrite.php(43): require_once('D:\\APLIKASI PRO...')
#11 {main}
CRITICAL - 2024-04-26 18:11:47 --> require_once(vendor/autoload.php): Failed to open stream: No such file or directory
#0 D:\APLIKASI PROJECT\TIKET-KAPAL\app\Views\pesantiket\v_cetaktiket.php(3): CodeIgniter\Debug\Exceptions->errorHandler(2, 'require_once(ve...', 'D:\\APLIKASI PRO...', 3)
#1 D:\APLIKASI PROJECT\TIKET-KAPAL\app\Views\pesantiket\v_cetaktiket.php(3): require_once()
#2 D:\APLIKASI PROJECT\TIKET-KAPAL\system\View\View.php(210): include('D:\\APLIKASI PRO...')
#3 D:\APLIKASI PROJECT\TIKET-KAPAL\system\View\View.php(213): CodeIgniter\View\View->CodeIgniter\View\{closure}()
#4 D:\APLIKASI PROJECT\TIKET-KAPAL\system\Common.php(1089): CodeIgniter\View\View->render('/Pesantiket/v_c...', Array, true)
#5 D:\APLIKASI PROJECT\TIKET-KAPAL\app\Controllers\Pesantiket.php(96): view('/Pesantiket/v_c...', Array)
#6 D:\APLIKASI PROJECT\TIKET-KAPAL\system\CodeIgniter.php(832): App\Controllers\Pesantiket->cetaktiket('7')
#7 D:\APLIKASI PROJECT\TIKET-KAPAL\system\CodeIgniter.php(419): CodeIgniter\CodeIgniter->runController(Object(App\Controllers\Pesantiket))
#8 D:\APLIKASI PROJECT\TIKET-KAPAL\system\CodeIgniter.php(326): CodeIgniter\CodeIgniter->handleRequest(NULL, Object(Config\Cache), false)
#9 D:\APLIKASI PROJECT\TIKET-KAPAL\public\index.php(37): CodeIgniter\CodeIgniter->run()
#10 D:\APLIKASI PROJECT\TIKET-KAPAL\system\Commands\Server\rewrite.php(43): require_once('D:\\APLIKASI PRO...')
#11 {main}
CRITICAL - 2024-04-26 18:29:30 --> Call to undefined method Endroid\QrCode\QrCode::writeFile()
#0 D:\APLIKASI PROJECT\TIKET-KAPAL\app\Controllers\Pesantiket.php(101): App\Controllers\Pesantiket->generateQRCode('7')
#1 D:\APLIKASI PROJECT\TIKET-KAPAL\system\CodeIgniter.php(832): App\Controllers\Pesantiket->cetaktiket('7')
#2 D:\APLIKASI PROJECT\TIKET-KAPAL\system\CodeIgniter.php(419): CodeIgniter\CodeIgniter->runController(Object(App\Controllers\Pesantiket))
#3 D:\APLIKASI PROJECT\TIKET-KAPAL\system\CodeIgniter.php(326): CodeIgniter\CodeIgniter->handleRequest(NULL, Object(Config\Cache), false)
#4 D:\APLIKASI PROJECT\TIKET-KAPAL\public\index.php(37): CodeIgniter\CodeIgniter->run()
#5 D:\APLIKASI PROJECT\TIKET-KAPAL\system\Commands\Server\rewrite.php(43): require_once('D:\\APLIKASI PRO...')
#6 {main}
CRITICAL - 2024-04-26 18:32:29 --> Call to undefined method Endroid\QrCode\QrCode::writeFile()
#0 D:\APLIKASI PROJECT\TIKET-KAPAL\app\Controllers\Pesantiket.php(101): App\Controllers\Pesantiket->generateQRCode('7')
#1 D:\APLIKASI PROJECT\TIKET-KAPAL\system\CodeIgniter.php(832): App\Controllers\Pesantiket->cetaktiket('7')
#2 D:\APLIKASI PROJECT\TIKET-KAPAL\system\CodeIgniter.php(419): CodeIgniter\CodeIgniter->runController(Object(App\Controllers\Pesantiket))
#3 D:\APLIKASI PROJECT\TIKET-KAPAL\system\CodeIgniter.php(326): CodeIgniter\CodeIgniter->handleRequest(NULL, Object(Config\Cache), false)
#4 D:\APLIKASI PROJECT\TIKET-KAPAL\public\index.php(37): CodeIgniter\CodeIgniter->run()
#5 D:\APLIKASI PROJECT\TIKET-KAPAL\system\Commands\Server\rewrite.php(43): require_once('D:\\APLIKASI PRO...')
#6 {main}
CRITICAL - 2024-04-26 18:32:32 --> Call to undefined method Endroid\QrCode\QrCode::writeFile()
#0 D:\APLIKASI PROJECT\TIKET-KAPAL\app\Controllers\Pesantiket.php(101): App\Controllers\Pesantiket->generateQRCode('7')
#1 D:\APLIKASI PROJECT\TIKET-KAPAL\system\CodeIgniter.php(832): App\Controllers\Pesantiket->cetaktiket('7')
#2 D:\APLIKASI PROJECT\TIKET-KAPAL\system\CodeIgniter.php(419): CodeIgniter\CodeIgniter->runController(Object(App\Controllers\Pesantiket))
#3 D:\APLIKASI PROJECT\TIKET-KAPAL\system\CodeIgniter.php(326): CodeIgniter\CodeIgniter->handleRequest(NULL, Object(Config\Cache), false)
#4 D:\APLIKASI PROJECT\TIKET-KAPAL\public\index.php(37): CodeIgniter\CodeIgniter->run()
#5 D:\APLIKASI PROJECT\TIKET-KAPAL\system\Commands\Server\rewrite.php(43): require_once('D:\\APLIKASI PRO...')
#6 {main}
CRITICAL - 2024-04-26 18:38:16 --> Call to undefined method Endroid\QrCode\QrCode::writeFile()
#0 D:\APLIKASI PROJECT\TIKET-KAPAL\app\Controllers\Pesantiket.php(110): App\Controllers\Pesantiket->generateQRCode('7')
#1 D:\APLIKASI PROJECT\TIKET-KAPAL\system\CodeIgniter.php(832): App\Controllers\Pesantiket->cetaktiket('7')
#2 D:\APLIKASI PROJECT\TIKET-KAPAL\system\CodeIgniter.php(419): CodeIgniter\CodeIgniter->runController(Object(App\Controllers\Pesantiket))
#3 D:\APLIKASI PROJECT\TIKET-KAPAL\system\CodeIgniter.php(326): CodeIgniter\CodeIgniter->handleRequest(NULL, Object(Config\Cache), false)
#4 D:\APLIKASI PROJECT\TIKET-KAPAL\public\index.php(37): CodeIgniter\CodeIgniter->run()
#5 D:\APLIKASI PROJECT\TIKET-KAPAL\system\Commands\Server\rewrite.php(43): require_once('D:\\APLIKASI PRO...')
#6 {main}
CRITICAL - 2024-04-26 18:44:24 --> Call to undefined method Endroid\QrCode\QrCode::writeFile()
#0 D:\APLIKASI PROJECT\TIKET-KAPAL\app\Controllers\Pesantiket.php(101): App\Controllers\Pesantiket->generateQRCode('7')
#1 D:\APLIKASI PROJECT\TIKET-KAPAL\system\CodeIgniter.php(832): App\Controllers\Pesantiket->cetaktiket('7')
#2 D:\APLIKASI PROJECT\TIKET-KAPAL\system\CodeIgniter.php(419): CodeIgniter\CodeIgniter->runController(Object(App\Controllers\Pesantiket))
#3 D:\APLIKASI PROJECT\TIKET-KAPAL\system\CodeIgniter.php(326): CodeIgniter\CodeIgniter->handleRequest(NULL, Object(Config\Cache), false)
#4 D:\APLIKASI PROJECT\TIKET-KAPAL\public\index.php(37): CodeIgniter\CodeIgniter->run()
#5 D:\APLIKASI PROJECT\TIKET-KAPAL\system\Commands\Server\rewrite.php(43): require_once('D:\\APLIKASI PRO...')
#6 {main}
CRITICAL - 2024-04-26 18:44:25 --> Call to undefined method Endroid\QrCode\QrCode::writeFile()
#0 D:\APLIKASI PROJECT\TIKET-KAPAL\app\Controllers\Pesantiket.php(101): App\Controllers\Pesantiket->generateQRCode('7')
#1 D:\APLIKASI PROJECT\TIKET-KAPAL\system\CodeIgniter.php(832): App\Controllers\Pesantiket->cetaktiket('7')
#2 D:\APLIKASI PROJECT\TIKET-KAPAL\system\CodeIgniter.php(419): CodeIgniter\CodeIgniter->runController(Object(App\Controllers\Pesantiket))
#3 D:\APLIKASI PROJECT\TIKET-KAPAL\system\CodeIgniter.php(326): CodeIgniter\CodeIgniter->handleRequest(NULL, Object(Config\Cache), false)
#4 D:\APLIKASI PROJECT\TIKET-KAPAL\public\index.php(37): CodeIgniter\CodeIgniter->run()
#5 D:\APLIKASI PROJECT\TIKET-KAPAL\system\Commands\Server\rewrite.php(43): require_once('D:\\APLIKASI PRO...')
#6 {main}
ERROR - 2024-04-26 18:55:34 --> You have an error in your SQL syntax; check the manual that corresponds to your MariaDB server version for the right syntax to use near 'IS NULL
AND `tgl_pemesanan` < IS NULL' at line 4
CRITICAL - 2024-04-26 18:55:34 --> Call to a member function getResult() on bool
#0 D:\APLIKASI PROJECT\TIKET-KAPAL\app\Controllers\Laporan.php(33): App\Models\M_pesantiket->filter(Array)
#1 D:\APLIKASI PROJECT\TIKET-KAPAL\system\CodeIgniter.php(832): App\Controllers\Laporan->filter()
#2 D:\APLIKASI PROJECT\TIKET-KAPAL\system\CodeIgniter.php(419): CodeIgniter\CodeIgniter->runController(Object(App\Controllers\Laporan))
#3 D:\APLIKASI PROJECT\TIKET-KAPAL\system\CodeIgniter.php(326): CodeIgniter\CodeIgniter->handleRequest(NULL, Object(Config\Cache), false)
#4 D:\APLIKASI PROJECT\TIKET-KAPAL\public\index.php(37): CodeIgniter\CodeIgniter->run()
#5 D:\APLIKASI PROJECT\TIKET-KAPAL\system\Commands\Server\rewrite.php(43): require_once('D:\\APLIKASI PRO...')
#6 {main}
ERROR - 2024-04-26 18:55:45 --> You have an error in your SQL syntax; check the manual that corresponds to your MariaDB server version for the right syntax to use near 'IS NULL
AND `tgl_pemesanan` < IS NULL' at line 4
CRITICAL - 2024-04-26 18:55:45 --> Call to a member function getResult() on bool
#0 D:\APLIKASI PROJECT\TIKET-KAPAL\app\Controllers\Laporan.php(33): App\Models\M_pesantiket->filter(Array)
#1 D:\APLIKASI PROJECT\TIKET-KAPAL\system\CodeIgniter.php(832): App\Controllers\Laporan->filter()
#2 D:\APLIKASI PROJECT\TIKET-KAPAL\system\CodeIgniter.php(419): CodeIgniter\CodeIgniter->runController(Object(App\Controllers\Laporan))
#3 D:\APLIKASI PROJECT\TIKET-KAPAL\system\CodeIgniter.php(326): CodeIgniter\CodeIgniter->handleRequest(NULL, Object(Config\Cache), false)
#4 D:\APLIKASI PROJECT\TIKET-KAPAL\public\index.php(37): CodeIgniter\CodeIgniter->run()
#5 D:\APLIKASI PROJECT\TIKET-KAPAL\system\Commands\Server\rewrite.php(43): require_once('D:\\APLIKASI PRO...')
#6 {main}
ERROR - 2024-04-26 19:04:52 --> You have an error in your SQL syntax; check the manual that corresponds to your MariaDB server version for the right syntax to use near 'IS NULL
AND `tgl_pemesanan` < IS NULL' at line 4
CRITICAL - 2024-04-26 19:04:52 --> Call to a member function getResult() on bool
#0 D:\APLIKASI PROJECT\TIKET-KAPAL\app\Controllers\Laporan.php(33): App\Models\M_pesantiket->filter(Array)
#1 D:\APLIKASI PROJECT\TIKET-KAPAL\system\CodeIgniter.php(832): App\Controllers\Laporan->filter()
#2 D:\APLIKASI PROJECT\TIKET-KAPAL\system\CodeIgniter.php(419): CodeIgniter\CodeIgniter->runController(Object(App\Controllers\Laporan))
#3 D:\APLIKASI PROJECT\TIKET-KAPAL\system\CodeIgniter.php(326): CodeIgniter\CodeIgniter->handleRequest(NULL, Object(Config\Cache), false)
#4 D:\APLIKASI PROJECT\TIKET-KAPAL\public\index.php(37): CodeIgniter\CodeIgniter->run()
#5 D:\APLIKASI PROJECT\TIKET-KAPAL\system\Commands\Server\rewrite.php(43): require_once('D:\\APLIKASI PRO...')
#6 {main}
ERROR - 2024-04-26 19:05:37 --> You have an error in your SQL syntax; check the manual that corresponds to your MariaDB server version for the right syntax to use near 'IS NULL
AND `tgl_pemesanan` < IS NULL' at line 4
CRITICAL - 2024-04-26 19:05:37 --> Call to a member function getResult() on bool
#0 D:\APLIKASI PROJECT\TIKET-KAPAL\app\Controllers\Laporan.php(33): App\Models\M_pesantiket->filter(Array)
#1 D:\APLIKASI PROJECT\TIKET-KAPAL\system\CodeIgniter.php(832): App\Controllers\Laporan->filter()
#2 D:\APLIKASI PROJECT\TIKET-KAPAL\system\CodeIgniter.php(419): CodeIgniter\CodeIgniter->runController(Object(App\Controllers\Laporan))
#3 D:\APLIKASI PROJECT\TIKET-KAPAL\system\CodeIgniter.php(326): CodeIgniter\CodeIgniter->handleRequest(NULL, Object(Config\Cache), false)
#4 D:\APLIKASI PROJECT\TIKET-KAPAL\public\index.php(37): CodeIgniter\CodeIgniter->run()
#5 D:\APLIKASI PROJECT\TIKET-KAPAL\system\Commands\Server\rewrite.php(43): require_once('D:\\APLIKASI PRO...')
#6 {main}
